<?xml version="1.0" encoding="UTF-8"?>
<!-- Generated by org.testng.reporters.JUnitReportReporter -->
<testsuite hostname="WKWIN5154091" failures="0" tests="1" name="com.qa.test.GetFormulaOne" time="2.367" errors="0" timestamp="2019-11-30T10:59:41 IST" skipped="0">
  <testcase classname="com.qa.test.GetFormulaOne" name="getFormulaOneDetails" time="2.367"/>
</testsuite> <!-- com.qa.test.GetFormulaOne -->
