<?xml version="1.0" encoding="UTF-8"?>
<!-- Generated by org.testng.reporters.JUnitReportReporter -->
<testsuite hostname="WKWIN5154091" failures="0" tests="1" name="com.qa.test.OAuth2" time="4.328" errors="0" timestamp="2019-12-12T09:44:35 IST" skipped="0">
  <testcase classname="com.qa.test.OAuth2" name="handleOAuth2" time="4.328"/>
</testsuite> <!-- com.qa.test.OAuth2 -->
