<?xml version="1.0" encoding="UTF-8"?>
<!-- Generated by org.testng.reporters.JUnitReportReporter -->
<testsuite hostname="WKWIN5154091" failures="0" tests="1" name="com.qa.test.HandleOAuth1" time="2.748" errors="0" timestamp="2019-12-12T07:11:04 IST" skipped="0">
  <testcase classname="com.qa.test.HandleOAuth1" name="OAuthOne" time="2.748"/>
</testsuite> <!-- com.qa.test.HandleOAuth1 -->
