<?xml version="1.0" encoding="UTF-8"?>
<!-- Generated by org.testng.reporters.JUnitReportReporter -->
<testsuite hostname="WKWIN5154091" failures="0" tests="1" name="com.qa.test.GetCall" time="2.568" errors="0" timestamp="2019-11-29T22:57:10 IST" skipped="0">
  <testcase classname="com.qa.test.GetCall" name="getWeatherInfo" time="2.568"/>
</testsuite> <!-- com.qa.test.GetCall -->
