<?xml version="1.0" encoding="UTF-8"?>
<!-- Generated by org.testng.reporters.JUnitReportReporter -->
<testsuite hostname="WKWIN5154091" failures="0" tests="1" name="com.qa.test.CreateUserPost" time="2.626" errors="0" timestamp="2019-11-30T13:37:25 IST" skipped="0">
  <testcase classname="com.qa.test.CreateUserPost" name="createUser" time="2.626"/>
</testsuite> <!-- com.qa.test.CreateUserPost -->
