<?xml version="1.0" encoding="UTF-8"?>
<!-- Generated by org.testng.reporters.JUnitReportReporter -->
<testsuite hostname="WKWIN5154091" failures="0" tests="1" name="com.qa.test.CreateUserDeserialization" time="2.082" errors="0" timestamp="2019-11-30T18:47:49 IST" skipped="0">
  <testcase classname="com.qa.test.CreateUserDeserialization" name="createUser" time="2.082"/>
</testsuite> <!-- com.qa.test.CreateUserDeserialization -->
